2025-09-29 21:46:16,603 - __main__ - INFO - Starting modular data conversion process
2025-09-29 21:46:16,664 - __main__ - ERROR - Modular data conversion failed: Invalid data types found: ['CODE', 'DATE', 'INTEGE', 'DECIMA']. Valid types: ['INTEGER', 'BIGDEC', 'TEXT', 'LIST']
2025-09-29 22:02:13,730 - __main__ - INFO - Starting modular data conversion process
2025-09-29 22:02:13,789 - __main__ - INFO - Input file: data/input/sample_data_with_flags.xlsx (auto)
2025-09-29 22:02:13,797 - __main__ - INFO - Loaded 20 rows with 25 columns
2025-09-29 22:02:13,798 - __main__ - ERROR - Modular data conversion failed: Failed to convert column 'policy_number' to CODE: CODE value must be all uppercase letters: 'POL2000'
2025-09-29 22:02:51,650 - __main__ - INFO - Starting modular data conversion process
2025-09-29 22:02:51,712 - __main__ - INFO - Input file: data/input/sample_data_with_flags.xlsx (auto)
2025-09-29 22:02:51,720 - __main__ - INFO - Loaded 20 rows with 25 columns
2025-09-29 22:02:51,732 - __main__ - ERROR - Modular data conversion failed: Failed to convert column 'insured_name' to CODE: CODE value must be all uppercase letters and numbers: 'Customer 1 Pty Ltd'
2025-09-29 22:03:36,934 - __main__ - INFO - Starting modular data conversion process
2025-09-29 22:03:36,996 - __main__ - INFO - Input file: data/input/sample_data_with_flags.xlsx (auto)
2025-09-29 22:03:37,004 - __main__ - INFO - Loaded 20 rows with 25 columns
2025-09-29 22:03:37,016 - __main__ - ERROR - Modular data conversion failed: Failed to convert column 'insured_name' to CODE: CODE value exceeds 12 characters: 'CUSTOMER 1 PTY LTD' (18 chars)
2025-09-29 22:05:11,475 - __main__ - INFO - Starting modular data conversion process
2025-09-29 22:05:11,534 - __main__ - INFO - Input file: data/input/sample_data_with_flags.xlsx (auto)
2025-09-29 22:05:11,542 - __main__ - INFO - Loaded 20 rows with 25 columns
2025-09-29 22:05:11,557 - __main__ - INFO - Converted to 20 rows with 20 columns
2025-09-29 22:05:11,562 - __main__ - INFO - Output file: data/output/converted_data_single_string.xlsx (auto)
2025-09-29 22:05:11,579 - __main__ - INFO - Modular data conversion completed successfully
2025-09-29 22:07:15,123 - __main__ - INFO - Starting modular data conversion process
2025-09-29 22:07:15,187 - __main__ - INFO - Input file: data/input/sample_data_with_flags.xlsx (auto)
2025-09-29 22:07:15,196 - __main__ - INFO - Loaded 20 rows with 26 columns
2025-09-29 22:07:15,212 - __main__ - INFO - Converted to 20 rows with 21 columns
2025-09-29 22:07:15,218 - __main__ - INFO - Output file: data/output/converted_data_single_string.xlsx (auto)
2025-09-29 22:07:15,240 - __main__ - INFO - Modular data conversion completed successfully
2025-09-29 22:08:13,099 - __main__ - INFO - Starting modular data conversion process
2025-09-29 22:08:13,160 - __main__ - INFO - Input file: data/input/sample_data.xlsx (auto)
2025-09-29 22:08:13,168 - __main__ - INFO - Loaded 20 rows with 26 columns
2025-09-29 22:08:13,184 - __main__ - INFO - Converted to 20 rows with 21 columns
2025-09-29 22:08:13,190 - __main__ - INFO - Output file: data/output/converted_data_multiple_rows.xlsx (auto)
2025-09-29 22:08:13,215 - __main__ - INFO - Modular data conversion completed successfully
2025-09-29 22:14:43,550 - __main__ - INFO - Starting modular data conversion process
2025-09-29 22:14:43,611 - __main__ - INFO - Input file: data/input/sample_data.xlsx (auto)
2025-09-29 22:14:43,619 - __main__ - INFO - Loaded 20 rows with 26 columns
2025-09-29 22:14:43,635 - __main__ - INFO - Converted to 20 rows with 21 columns
2025-09-29 22:14:43,640 - __main__ - INFO - Output file: data/output/converted_data_multiple_rows.xlsx (auto)
2025-09-29 22:14:43,657 - __main__ - INFO - Modular data conversion completed successfully
2025-09-29 22:33:07,687 - __main__ - INFO - Starting modular data conversion process
2025-09-29 22:33:07,762 - __main__ - INFO - Input file: data/input/sample_data.xlsx (auto)
2025-09-29 22:33:07,770 - __main__ - INFO - Loaded 20 rows with 25 columns
2025-09-29 22:33:07,783 - __main__ - ERROR - Modular data conversion failed: Failed to convert column 'building_construction_type' to CODE: CODE value must be all uppercase letters and numbers: 'Brick'
2025-09-29 22:34:11,584 - __main__ - INFO - Starting modular data conversion process
2025-09-29 22:34:11,659 - __main__ - INFO - Input file: data/input/sample_data.xlsx (auto)
2025-09-29 22:34:11,667 - __main__ - INFO - Loaded 20 rows with 25 columns
2025-09-29 22:34:11,681 - __main__ - ERROR - Modular data conversion failed: Failed to convert column 'building_construction_type' to CODE: CODE value must be all uppercase letters and numbers: 'Brick'
2025-09-29 22:46:56,052 - __main__ - INFO - Starting modular data conversion process
2025-09-29 22:46:56,130 - __main__ - INFO - Input file: data/input/sample_data.xlsx (auto)
2025-09-29 22:46:56,139 - __main__ - INFO - Loaded 20 rows with 25 columns
2025-09-29 22:46:56,155 - __main__ - INFO - Converted to 20 rows with 20 columns
2025-09-29 22:46:56,161 - __main__ - INFO - Output file: data/output/converted_data_multiple_rows.xlsx (auto)
2025-09-29 22:46:56,183 - __main__ - INFO - Modular data conversion completed successfully
2025-09-29 22:52:57,853 - __main__ - INFO - Starting modular data conversion process
2025-09-29 22:52:57,933 - __main__ - INFO - Input file: data/input/sample_data.xlsx (auto)
2025-09-29 22:52:57,942 - __main__ - INFO - Loaded 20 rows with 25 columns
2025-09-29 22:52:57,958 - __main__ - INFO - Converted to 20 rows with 20 columns
2025-09-29 22:52:57,960 - __main__ - INFO - Output file: data/output/converted_data_multiple_rows.xlsx (auto)
2025-09-29 22:52:57,977 - __main__ - INFO - Modular data conversion completed successfully
2025-09-29 22:56:59,218 - __main__ - INFO - Starting modular data conversion process
2025-09-29 22:56:59,289 - __main__ - INFO - Input file: data/input/sample_data.xlsx (auto)
2025-09-29 22:56:59,297 - __main__ - INFO - Loaded 20 rows with 25 columns
2025-09-29 22:56:59,313 - __main__ - INFO - Converted to 20 rows with 20 columns
2025-09-29 22:56:59,316 - __main__ - INFO - Output file: data/output/converted_data_multiple_rows.xlsx (auto)
2025-09-29 22:56:59,334 - __main__ - INFO - Modular data conversion completed successfully
2025-09-29 22:58:20,199 - __main__ - INFO - Starting modular data conversion process
2025-09-29 22:58:20,286 - __main__ - INFO - Input file: data/input/sample_data.xlsx (auto)
2025-09-29 22:58:20,294 - __main__ - INFO - Loaded 20 rows with 25 columns
2025-09-29 22:58:20,314 - __main__ - INFO - Converted to 20 rows with 20 columns
2025-09-29 22:58:20,317 - __main__ - INFO - Output file: data/output/converted_data_multiple_rows.xlsx (auto)
2025-09-29 22:58:20,330 - __main__ - INFO - Modular data conversion completed successfully
2025-09-29 22:58:59,593 - __main__ - INFO - Starting modular data conversion process
2025-09-29 22:58:59,669 - __main__ - INFO - Input file: data/input/sample_data.xlsx (auto)
2025-09-29 22:58:59,677 - __main__ - INFO - Loaded 20 rows with 25 columns
2025-09-29 22:58:59,693 - __main__ - INFO - Converted to 20 rows with 20 columns
2025-09-29 22:58:59,703 - __main__ - INFO - Output file: data/output/converted_data_multiple_rows.xlsx (auto)
2025-09-29 22:58:59,733 - __main__ - INFO - Modular data conversion completed successfully
2025-09-29 22:59:21,876 - __main__ - INFO - Starting modular data conversion process
2025-09-29 22:59:21,950 - __main__ - INFO - Input file: data/input/sample_data.xlsx (auto)
2025-09-29 22:59:21,958 - __main__ - INFO - Loaded 20 rows with 25 columns
2025-09-29 22:59:21,975 - __main__ - INFO - Converted to 20 rows with 20 columns
2025-09-29 22:59:21,985 - __main__ - INFO - Output file: data/output/converted_data_multiple_rows.xlsx (auto)
2025-09-29 22:59:22,016 - __main__ - INFO - Modular data conversion completed successfully
